0 verbose cli C:\Program Files\nodejs\node.exe C:\Program Files\nodejs\node_modules\npm\bin\npm-cli.js
1 info using npm@9.8.0
2 info using node@v20.5.1
3 timing npm:load:whichnode Completed in 28ms
4 timing config:load:defaults Completed in 4ms
5 timing config:load:file:C:\Program Files\nodejs\node_modules\npm\npmrc Completed in 17ms
6 timing config:load:builtin Completed in 18ms
7 timing config:load:cli Completed in 5ms
8 timing config:load:env Completed in 1ms
9 timing config:load:file:C:\xampp\htdocs\Projects\hospital-management-system-blade\.npmrc Completed in 0ms
10 timing config:load:project Completed in 4ms
11 timing config:load:file:C:\Users\Apple\.npmrc Completed in 0ms
12 timing config:load:user Completed in 0ms
13 timing config:load:file:C:\Users\Apple\AppData\Roaming\npm\etc\npmrc Completed in 0ms
14 timing config:load:global Completed in 0ms
15 timing config:load:setEnvs Completed in 5ms
16 timing config:load Completed in 38ms
17 timing npm:load:configload Completed in 39ms
18 timing config:load:flatten Completed in 6ms
19 timing npm:load:mkdirpcache Completed in 14ms
20 timing npm:load:mkdirplogs Completed in 13ms
21 verbose title npm run dev
22 verbose argv "run" "dev" "--cache" "none"
23 timing npm:load:setTitle Completed in 3ms
24 timing npm:load:display Completed in 2ms
25 verbose logfile logs-max:10 dir:C:\xampp\htdocs\Projects\hospital-management-system-blade\none\_logs\2023-12-13T07_39_15_083Z-
26 verbose logfile C:\xampp\htdocs\Projects\hospital-management-system-blade\none\_logs\2023-12-13T07_39_15_083Z-debug-0.log
27 timing npm:load:logFile Completed in 46ms
28 timing npm:load:timers Completed in 0ms
29 timing npm:load:configScope Completed in 0ms
30 timing npm:load Completed in 207ms
31 silly logfile done cleaning log files
32 http fetch GET 200 https://registry.npmjs.org/npm 776ms (cache miss)
